<?xml version="1.0" encoding="UTF-8"?>
<!-- Generated by org.testng.reporters.JUnitReportReporter -->
<testsuite skipped="0" hostname="Sony" name="Academy.TestCases" tests="2" failures="0" timestamp="2021-12-22T00:35:27 IST" time="11.510" errors="0">
  <testcase name="invalidCredsTextVerification" time="6.402" classname="Academy.TestCases"/>
  <system-out/>
  <testcase name="invalidCredsTextVerification" time="5.108" classname="Academy.TestCases"/>
  <system-out/>
</testsuite> <!-- Academy.TestCases -->
