<?xml version="1.0" encoding="UTF-8"?>
<!-- Generated by org.testng.reporters.JUnitReportReporter -->
<testsuite skipped="0" hostname="Sony" name="flipkart" tests="1" failures="0" timestamp="2021-12-11T17:44:37 IST" time="0.044" errors="0">
  <testcase name="appTest" time="0.044" classname="flipkart"/>
  <system-out/>
</testsuite> <!-- flipkart -->
