<?xml version="1.0" encoding="UTF-8"?>
<!-- Generated by org.testng.reporters.JUnitReportReporter -->
<testsuite skipped="0" hostname="Sony" name="Academy.LoginPageTC" tests="2" failures="0" timestamp="2021-12-22T00:53:45 IST" time="11.356" errors="0">
  <testcase name="invalidCredsTextVerification" time="5.979" classname="Academy.LoginPageTC"/>
  <system-out/>
  <testcase name="invalidCredsTextVerification" time="5.377" classname="Academy.LoginPageTC"/>
  <system-out/>
</testsuite> <!-- Academy.LoginPageTC -->
