<?xml version="1.0" encoding="UTF-8"?>
<!-- Generated by org.testng.reporters.JUnitReportReporter -->
<testsuite skipped="0" hostname="Sony" name="Academy.HomePageTestCases" tests="13" failures="0" timestamp="2021-12-22T03:49:53 IST" time="43.641" errors="0">
  <testcase name="selectDropDownVerification" time="4.973" classname="Academy.HomePageTestCases"/>
  <system-out/>
  <testcase name="radioButtonVerification" time="0.912" classname="Academy.HomePageTestCases"/>
  <system-out/>
  <testcase name="openNewTabVerification" time="11.880" classname="Academy.HomePageTestCases"/>
  <system-out/>
  <testcase name="enableButtonVerification" time="1.198" classname="Academy.HomePageTestCases"/>
  <system-out/>
  <testcase name="alertButtonVerification" time="3.945" classname="Academy.HomePageTestCases"/>
  <system-out/>
  <testcase name="disableButtonVerification" time="0.771" classname="Academy.HomePageTestCases"/>
  <system-out/>
  <testcase name="confirmButtonVerification" time="3.419" classname="Academy.HomePageTestCases"/>
  <system-out/>
  <testcase name="showButtonVerification" time="1.724" classname="Academy.HomePageTestCases"/>
  <system-out/>
  <testcase name="webTableContentVerification" time="0.989" classname="Academy.HomePageTestCases"/>
  <system-out/>
  <testcase name="hideButtonVerification" time="0.885" classname="Academy.HomePageTestCases"/>
  <system-out/>
  <testcase name="mouseHoverAndReloadVerification" time="10.734" classname="Academy.HomePageTestCases"/>
  <system-out/>
  <testcase name="countLinkIFrame" time="2.151" classname="Academy.HomePageTestCases"/>
  <system-out/>
  <testcase name="countLinkMainPage" time="0.060" classname="Academy.HomePageTestCases"/>
  <system-out/>
</testsuite> <!-- Academy.HomePageTestCases -->
