<?xml version="1.0" encoding="UTF-8"?>
<!-- Generated by org.testng.reporters.JUnitReportReporter -->
<testsuite hostname="Sony" name="Academy.HomePageTestCases" tests="13" failures="0" timestamp="21 Dec 2021 23:01:42 GMT" time="37.134" errors="0">
  <testcase name="hideButtonVerification" time="0.595" classname="Academy.HomePageTestCases"/>
  <testcase name="openNewTabVerification" time="9.330" classname="Academy.HomePageTestCases"/>
  <testcase name="alertButtonVerification" time="3.061" classname="Academy.HomePageTestCases"/>
  <testcase name="mouseHoverAndReloadVerification" time="10.387" classname="Academy.HomePageTestCases"/>
  <testcase name="enableButtonVerification" time="1.271" classname="Academy.HomePageTestCases"/>
  <testcase name="selectDropDownVerification" time="4.322" classname="Academy.HomePageTestCases"/>
  <testcase name="webTableContentVerification" time="0.750" classname="Academy.HomePageTestCases"/>
  <testcase name="confirmButtonVerification" time="3.422" classname="Academy.HomePageTestCases"/>
  <testcase name="countLinkMainPage" time="0.249" classname="Academy.HomePageTestCases"/>
  <testcase name="countLinkIFrame" time="1.301" classname="Academy.HomePageTestCases"/>
  <testcase name="showButtonVerification" time="1.074" classname="Academy.HomePageTestCases"/>
  <testcase name="radioButtonVerification" time="0.762" classname="Academy.HomePageTestCases"/>
  <testcase name="disableButtonVerification" time="0.610" classname="Academy.HomePageTestCases"/>
</testsuite> <!-- Academy.HomePageTestCases -->
