<?xml version="1.0" encoding="UTF-8"?>
<!-- Generated by org.testng.reporters.JUnitReportReporter -->
<testsuite hostname="Sony" name="Academy.HomePageTestCases" tests="13" failures="0" timestamp="23 Dec 2021 10:54:18 GMT" time="33.442" errors="0">
  <testcase name="hideButtonVerification" time="0.625" classname="Academy.HomePageTestCases"/>
  <testcase name="openNewTabVerification" time="8.987" classname="Academy.HomePageTestCases"/>
  <testcase name="alertButtonVerification" time="2.960" classname="Academy.HomePageTestCases"/>
  <testcase name="mouseHoverAndReloadVerification" time="8.853" classname="Academy.HomePageTestCases"/>
  <testcase name="enableButtonVerification" time="0.945" classname="Academy.HomePageTestCases"/>
  <testcase name="selectDropDownVerification" time="4.044" classname="Academy.HomePageTestCases"/>
  <testcase name="webTableContentVerification" time="0.839" classname="Academy.HomePageTestCases"/>
  <testcase name="confirmButtonVerification" time="3.084" classname="Academy.HomePageTestCases"/>
  <testcase name="countLinkMainPage" time="0.097" classname="Academy.HomePageTestCases"/>
  <testcase name="countLinkIFrame" time="0.860" classname="Academy.HomePageTestCases"/>
  <testcase name="showButtonVerification" time="1.037" classname="Academy.HomePageTestCases"/>
  <testcase name="radioButtonVerification" time="0.530" classname="Academy.HomePageTestCases"/>
  <testcase name="disableButtonVerification" time="0.581" classname="Academy.HomePageTestCases"/>
</testsuite> <!-- Academy.HomePageTestCases -->
